[debug] [2025-06-13T03:28:49.091Z] ----------------------------------------------------------------------
[debug] [2025-06-13T03:28:49.094Z] Command:       C:\Program Files\nodejs\node.exe C:\Users\joseb\AppData\Roaming\npm\node_modules\firebase-tools\lib\bin\firebase.js deploy --only hosting
[debug] [2025-06-13T03:28:49.095Z] CLI Version:   14.7.0
[debug] [2025-06-13T03:28:49.095Z] Platform:      win32
[debug] [2025-06-13T03:28:49.095Z] Node Version:  v22.14.0
[debug] [2025-06-13T03:28:49.096Z] Time:          Fri Jun 13 2025 07:28:49 GMT+0400 (Gulf Standard Time)
[debug] [2025-06-13T03:28:49.096Z] ----------------------------------------------------------------------
[debug] 
[debug] [2025-06-13T03:28:49.250Z] > command requires scopes: ["email","openid","https://www.googleapis.com/auth/cloudplatformprojects.readonly","https://www.googleapis.com/auth/firebase","https://www.googleapis.com/auth/cloud-platform"]
[debug] [2025-06-13T03:28:49.251Z] > authorizing via signed-in user (josebelmin16@gmail.com)
[debug] [2025-06-13T03:28:49.251Z] [iam] checking project personal-portfolio-49619 for permissions ["firebase.projects.get","firebasehosting.sites.update"]
[debug] [2025-06-13T03:28:49.251Z] Checked if tokens are valid: true, expires at: 1749787909756
[debug] [2025-06-13T03:28:49.252Z] Checked if tokens are valid: true, expires at: 1749787909756
[debug] [2025-06-13T03:28:49.252Z] >>> [apiv2][query] POST https://cloudresourcemanager.googleapis.com/v1/projects/personal-portfolio-49619:testIamPermissions [none]
[debug] [2025-06-13T03:28:49.252Z] >>> [apiv2][(partial)header] POST https://cloudresourcemanager.googleapis.com/v1/projects/personal-portfolio-49619:testIamPermissions x-goog-quota-user=projects/personal-portfolio-49619
[debug] [2025-06-13T03:28:49.252Z] >>> [apiv2][body] POST https://cloudresourcemanager.googleapis.com/v1/projects/personal-portfolio-49619:testIamPermissions {"permissions":["firebase.projects.get","firebasehosting.sites.update"]}
[debug] [2025-06-13T03:28:50.782Z] <<< [apiv2][status] POST https://cloudresourcemanager.googleapis.com/v1/projects/personal-portfolio-49619:testIamPermissions 200
[debug] [2025-06-13T03:28:50.783Z] <<< [apiv2][body] POST https://cloudresourcemanager.googleapis.com/v1/projects/personal-portfolio-49619:testIamPermissions {"permissions":["firebase.projects.get","firebasehosting.sites.update"]}
[debug] [2025-06-13T03:28:50.783Z] Checked if tokens are valid: true, expires at: 1749787909756
[debug] [2025-06-13T03:28:50.783Z] Checked if tokens are valid: true, expires at: 1749787909756
[debug] [2025-06-13T03:28:50.783Z] >>> [apiv2][query] GET https://firebase.googleapis.com/v1beta1/projects/personal-portfolio-49619 [none]
[debug] [2025-06-13T03:28:51.259Z] <<< [apiv2][status] GET https://firebase.googleapis.com/v1beta1/projects/personal-portfolio-49619 200
[debug] [2025-06-13T03:28:51.259Z] <<< [apiv2][body] GET https://firebase.googleapis.com/v1beta1/projects/personal-portfolio-49619 {"projectId":"personal-portfolio-49619","projectNumber":"536644298532","displayName":"Personal Portfolio","name":"projects/personal-portfolio-49619","resources":{"hostingSite":"personal-portfolio-49619"},"state":"ACTIVE","etag":"1_f30b83d5-926f-41e6-b079-4642795971e7"}
[info] 
[info] === Deploying to 'personal-portfolio-49619'...
[info] 
[info] i  deploying hosting 
[debug] [2025-06-13T03:28:51.266Z] Checked if tokens are valid: true, expires at: 1749787909756
[debug] [2025-06-13T03:28:51.266Z] Checked if tokens are valid: true, expires at: 1749787909756
[debug] [2025-06-13T03:28:51.266Z] >>> [apiv2][query] POST https://firebasehosting.googleapis.com/v1beta1/projects/-/sites/personal-portfolio-49619/versions [none]
[debug] [2025-06-13T03:28:51.266Z] >>> [apiv2][body] POST https://firebasehosting.googleapis.com/v1beta1/projects/-/sites/personal-portfolio-49619/versions {"status":"CREATED","labels":{"deployment-tool":"cli-firebase"}}
[debug] [2025-06-13T03:28:53.609Z] <<< [apiv2][status] POST https://firebasehosting.googleapis.com/v1beta1/projects/-/sites/personal-portfolio-49619/versions 200
[debug] [2025-06-13T03:28:53.609Z] <<< [apiv2][body] POST https://firebasehosting.googleapis.com/v1beta1/projects/-/sites/personal-portfolio-49619/versions {"name":"projects/536644298532/sites/personal-portfolio-49619/versions/23bc4bfc788eafd4","status":"CREATED","config":{},"labels":{"deployment-tool":"cli-firebase"}}
[info] i  hosting[personal-portfolio-49619]: beginning deploy... 
[info] i  hosting[personal-portfolio-49619]: found 42 files in dist/frontend 
[debug] [2025-06-13T03:28:53.639Z] [hosting] uploading with 200 concurrency
[debug] [2025-06-13T03:28:53.640Z] [hosting] hash cache [ZGlzdFxmcm9udGVuZA] not populated
[debug] [2025-06-13T03:28:53.804Z] Checked if tokens are valid: true, expires at: 1749787909756
[debug] [2025-06-13T03:28:53.804Z] Checked if tokens are valid: true, expires at: 1749787909756
[debug] [2025-06-13T03:28:53.805Z] [hosting] hash cache [ZGlzdFxmcm9udGVuZA] stored for 42 files
[debug] [2025-06-13T03:28:53.806Z] [hosting][hash queue][FINAL] {"max":158,"min":10,"avg":39.095238095238095,"active":0,"complete":42,"success":42,"errored":0,"retried":0,"total":42,"elapsed":165}
[debug] [2025-06-13T03:28:53.806Z] >>> [apiv2][query] POST https://firebasehosting.googleapis.com/v1beta1/projects/536644298532/sites/personal-portfolio-49619/versions/23bc4bfc788eafd4:populateFiles [none]
[debug] [2025-06-13T03:28:53.806Z] >>> [apiv2][body] POST https://firebasehosting.googleapis.com/v1beta1/projects/536644298532/sites/personal-portfolio-49619/versions/23bc4bfc788eafd4:populateFiles {"files":{"/prerendered-routes.json":"acea2ed63a273ab4ca21a5071e93c8246d013bca031410b2d34087a30f99602d","/browser/styles-7GWHU3GI.css":"95eb58b5558edb55193c4d54af7e6ae4c9606bee3e43e8514b019834948da18d","/3rdpartylicenses.txt":"6e3913166b9cd87264a775dbeda6312e1e12b3b300abcd39750b1ec7d5bf8c68","/browser/assets/svgs/s_wordpress_icon.svg":"36e90edf0ce9098c29f2e1619d3b83db4b1171ac37626e8b1198704b10807fbf","/browser/assets/svgs/s_typescript_icon.svg":"398819a442cc78fafcb49d64ebb0dbfc37296e16d681c2f9bfa46b8e519c701d","/browser/assets/svgs/s_tailored_icon.svg":"7e2d42babef067500a9927ef8ee3c0431628836eb179bcfde0c3ba87f0a447fe","/browser/polyfills-B6TNHZQ6.js":"a87c0954a6184a0e0d27cd02df3fe43c02f121416dc1d71923148f1dbbdc377a","/browser/index.html":"c2790d09ea27265fbd05e643934c07b581c47d3f31c3ba7910ea66330c5e3cc6","/browser/assets/svgs/s_technologies_icon.svg":"04d3277d1f6445ff259c31e1c502e41b8842d6d23fdbb7466073730f4a4ccac1","/browser/assets/svgs/s_scss_icon.svg":"5173e3bca05d4dd5ccac5f3ebbf1b77acc0dba0ba349c4113ab26bb61324dae4","/browser/assets/svgs/s_python_icon.svg":"44c8b1654023e8b0b6850d250528ae81035782a9b5fd2afca37f5464927e3b63","/browser/assets/svgs/s_html_icon.svg":"b8f19cc284aa33083a054f185f452e5ea34ed431fbac2b707d5c8b3e454dff02","/browser/assets/svgs/s_elementor_icon.svg":"4c82e2978679ed59eb434fc8f579ecc0217d67d6a698acc4a141f591a4e94be0","/browser/assets/svgs/s_logo.svg":"655f66408cc90dc532d90015ec2d8d583205572e082be5cb21427acaac8e98b4","/browser/assets/svgs/s_django_icon.svg":"a85b47448050ee9c13323128740e57d9835e1ceb5ebbbaabab3c7da53db1c6d0","/browser/assets/svgs/s_figma_icon.svg":"d855fcb69695e76b1fa1d2e5d1747468253515aeeb1a45aef3557df25f113a2b","/browser/assets/svgs/s_angular_icon.svg":"25d785f2db28a9ac821eeccc618d046f8e3afa54f3a7adc8eebc4c04c52f4e98","/browser/assets/svgs/s_canva_icon.svg":"ce1456ef0a0caecbed813d6b7685a38c29e0b7944be095507ea38d99a312a586","/browser/assets/svgs/s_design_icon.svg":"366ebd0ee9069a053c0f5554d36b588c7180ed4f0b53daed7a57095007917770","/browser/assets/images/Dreamweaver/Cat.png":"2109023796fd784f1587067b1ea2e1e199fae266c8f0d669ff39163de871725f","/browser/assets/images/Dreamweaver/Elements.png":"83449a2e7d02be3ca6be380d68ffad450f8deff8ceaad570696564ef44ad5505","/browser/assets/images/Dreamweaver/Balls.png":"cd9112bc8cf8a1a73fa7fc1f1c6545ae93fb164808ee4bbcef75b79b77b60d73","/browser/assets/images/Banke/Statistics.png":"5c983e4edd806fe4713b52454a0afa742394af4aa7e261f6fb49069d23b54bb3","/browser/assets/images/Dreamweaver/Jar.png":"b443622e595036edc49f82f602bbc92daa95aa76be31e60a84d1035d8a96f68c","/browser/assets/images/Oriana/About Us.png":"378396be5b84649fb436d4446f053bee805a7e5a1f4e776f379eca4ab5f3e902","/browser/assets/images/Dreamweaver/Menu.png":"af089dc8798f1fa253b7cb3d3b92119401c537e3902bc18b1fe7980e8e32c80e","/browser/assets/images/Dreamweaver/In-Game.png":"db7e911796c12cfda239ca33cbf42704872ae2b2864d6a512de1b7e518415071","/browser/assets/images/Oriana/Servicespng.png":"130e0744c7143539135cff8c2e702ff122584ecf5c4a42d870551b74d5d7ee6e","/browser/main-3BFAKH6X.js":"bee6aa362c66396b1437e5b8c2dd3cfac7fbf31f8f15bdaa949e11379174366d","/browser/assets/images/Oriana/Hospitality.png":"77f48d5843266d4b14eee397e095fe30ad66ec545ab78f8427eaafd6ce526ab3","/browser/assets/images/Oriana/Landing.png":"dd06b4c2578934f2f316f6067c541a0a05daeca3cf1fd776d9d6a9adb5e00ef2","/browser/assets/images/Banke/Services.png":"ed58c1217e3b4b74371c7c0b7a881daa913f74764342b5a80e9800a253ff0913","/browser/assets/images/Tash/Appointment.png":"29e4684ce2150f21443b0edc4be75a0af402a94d85aa53d2b822e5d25cda34ec","/browser/assets/images/Tash/Landing.png":"b11b1c5b7ac979ab73c9f436688eda0fe1b69dd395c59a22359a03bd3d215cf6","/browser/assets/images/Tash/Services.png":"bb21076fc263949955f92bff802b5bacae5ec1ba13256da0df78bbf40291bcb3","/browser/assets/images/Banke/Featured.png":"a7596f9cdcb3b1aeca5bf455ae0075204f2ccbd547f1c75de4dd5aa652e5284a","/browser/assets/images/OnlyBands/Achievements.png":"c2cfde338692e00a8b7ec20f86dd2a2099b5a98b0576ab8a0d6bbfa961fb15bd","/browser/assets/images/Tash/About Us.png":"0bccef009ab0844605bc06a531ec19aebf1e2bd3389a34b9c444e2eb165c5699","/browser/assets/images/OnlyBands/Tutor.png":"ca5e8facae9e484617703228a9f3f21e76cbbf01f3a2e396cbd4829fed45673f","/browser/assets/images/OnlyBands/Tutors.png":"3bf9bd83391f8c53d29979c0ea98111eb442a86cd921be3193a7ce7a4b27abcd","/browser/assets/images/OnlyBands/Landing.png":"7a013acad2aa0885c602fbd76b863c656b305948f794da29c407bb2ab572d2e1","/browser/assets/images/Banke/Landing.png":"e929ee59c0ef9968776a8885335e2e3a6c9eb09b94c90e4990ee98a37878d593"}}
[debug] [2025-06-13T03:28:54.367Z] <<< [apiv2][status] POST https://firebasehosting.googleapis.com/v1beta1/projects/536644298532/sites/personal-portfolio-49619/versions/23bc4bfc788eafd4:populateFiles 200
[debug] [2025-06-13T03:28:54.367Z] <<< [apiv2][body] POST https://firebasehosting.googleapis.com/v1beta1/projects/536644298532/sites/personal-portfolio-49619/versions/23bc4bfc788eafd4:populateFiles {"uploadRequiredHashes":["ca5e8facae9e484617703228a9f3f21e76cbbf01f3a2e396cbd4829fed45673f","29e4684ce2150f21443b0edc4be75a0af402a94d85aa53d2b822e5d25cda34ec","c2790d09ea27265fbd05e643934c07b581c47d3f31c3ba7910ea66330c5e3cc6","4c82e2978679ed59eb434fc8f579ecc0217d67d6a698acc4a141f591a4e94be0","a85b47448050ee9c13323128740e57d9835e1ceb5ebbbaabab3c7da53db1c6d0","bb21076fc263949955f92bff802b5bacae5ec1ba13256da0df78bbf40291bcb3","130e0744c7143539135cff8c2e702ff122584ecf5c4a42d870551b74d5d7ee6e","398819a442cc78fafcb49d64ebb0dbfc37296e16d681c2f9bfa46b8e519c701d","5173e3bca05d4dd5ccac5f3ebbf1b77acc0dba0ba349c4113ab26bb61324dae4","e929ee59c0ef9968776a8885335e2e3a6c9eb09b94c90e4990ee98a37878d593","bee6aa362c66396b1437e5b8c2dd3cfac7fbf31f8f15bdaa949e11379174366d","cd9112bc8cf8a1a73fa7fc1f1c6545ae93fb164808ee4bbcef75b79b77b60d73","0bccef009ab0844605bc06a531ec19aebf1e2bd3389a34b9c444e2eb165c5699","7e2d42babef067500a9927ef8ee3c0431628836eb179bcfde0c3ba87f0a447fe","36e90edf0ce9098c29f2e1619d3b83db4b1171ac37626e8b1198704b10807fbf","7a013acad2aa0885c602fbd76b863c656b305948f794da29c407bb2ab572d2e1","04d3277d1f6445ff259c31e1c502e41b8842d6d23fdbb7466073730f4a4ccac1","83449a2e7d02be3ca6be380d68ffad450f8deff8ceaad570696564ef44ad5505","db7e911796c12cfda239ca33cbf42704872ae2b2864d6a512de1b7e518415071","6e3913166b9cd87264a775dbeda6312e1e12b3b300abcd39750b1ec7d5bf8c68","a7596f9cdcb3b1aeca5bf455ae0075204f2ccbd547f1c75de4dd5aa652e5284a","366ebd0ee9069a053c0f5554d36b588c7180ed4f0b53daed7a57095007917770","77f48d5843266d4b14eee397e095fe30ad66ec545ab78f8427eaafd6ce526ab3","c2cfde338692e00a8b7ec20f86dd2a2099b5a98b0576ab8a0d6bbfa961fb15bd","44c8b1654023e8b0b6850d250528ae81035782a9b5fd2afca37f5464927e3b63","ce1456ef0a0caecbed813d6b7685a38c29e0b7944be095507ea38d99a312a586","af089dc8798f1fa253b7cb3d3b92119401c537e3902bc18b1fe7980e8e32c80e","2109023796fd784f1587067b1ea2e1e199fae266c8f0d669ff39163de871725f","5c983e4edd806fe4713b52454a0afa742394af4aa7e261f6fb49069d23b54bb3","dd06b4c2578934f2f316f6067c541a0a05daeca3cf1fd776d9d6a9adb5e00ef2","378396be5b84649fb436d4446f053bee805a7e5a1f4e776f379eca4ab5f3e902","655f66408cc90dc532d90015ec2d8d583205572e082be5cb21427acaac8e98b4","3bf9bd83391f8c53d29979c0ea98111eb442a86cd921be3193a7ce7a4b27abcd","b8f19cc284aa33083a054f185f452e5ea34ed431fbac2b707d5c8b3e454dff02","a87c0954a6184a0e0d27cd02df3fe43c02f121416dc1d71923148f1dbbdc377a","95eb58b5558edb55193c4d54af7e6ae4c9606bee3e43e8514b019834948da18d","ed58c1217e3b4b74371c7c0b7a881daa913f74764342b5a80e9800a253ff0913","25d785f2db28a9ac821eeccc618d046f8e3afa54f3a7adc8eebc4c04c52f4e98","b11b1c5b7ac979ab73c9f436688eda0fe1b69dd395c59a22359a03bd3d215cf6","d855fcb69695e76b1fa1d2e5d1747468253515aeeb1a45aef3557df25f113a2b","b443622e595036edc49f82f602bbc92daa95aa76be31e60a84d1035d8a96f68c","acea2ed63a273ab4ca21a5071e93c8246d013bca031410b2d34087a30f99602d"],"uploadUrl":"https://upload-firebasehosting.googleapis.com/upload/sites/personal-portfolio-49619/versions/23bc4bfc788eafd4/files"}
[debug] [2025-06-13T03:28:54.368Z] Checked if tokens are valid: true, expires at: 1749787909756
[debug] [2025-06-13T03:28:54.368Z] Checked if tokens are valid: true, expires at: 1749787909756
[debug] [2025-06-13T03:28:54.368Z] Checked if tokens are valid: true, expires at: 1749787909756
[debug] [2025-06-13T03:28:54.369Z] Checked if tokens are valid: true, expires at: 1749787909756
[debug] [2025-06-13T03:28:54.369Z] Checked if tokens are valid: true, expires at: 1749787909756
[debug] [2025-06-13T03:28:54.369Z] Checked if tokens are valid: true, expires at: 1749787909756
[debug] [2025-06-13T03:28:54.369Z] Checked if tokens are valid: true, expires at: 1749787909756
[debug] [2025-06-13T03:28:54.369Z] Checked if tokens are valid: true, expires at: 1749787909756
[debug] [2025-06-13T03:28:54.369Z] Checked if tokens are valid: true, expires at: 1749787909756
[debug] [2025-06-13T03:28:54.369Z] Checked if tokens are valid: true, expires at: 1749787909756
[debug] [2025-06-13T03:28:54.369Z] Checked if tokens are valid: true, expires at: 1749787909756
[debug] [2025-06-13T03:28:54.369Z] Checked if tokens are valid: true, expires at: 1749787909756
[debug] [2025-06-13T03:28:54.369Z] Checked if tokens are valid: true, expires at: 1749787909756
[debug] [2025-06-13T03:28:54.369Z] Checked if tokens are valid: true, expires at: 1749787909756
[debug] [2025-06-13T03:28:54.370Z] Checked if tokens are valid: true, expires at: 1749787909756
[debug] [2025-06-13T03:28:54.370Z] Checked if tokens are valid: true, expires at: 1749787909756
[debug] [2025-06-13T03:28:54.370Z] Checked if tokens are valid: true, expires at: 1749787909756
[debug] [2025-06-13T03:28:54.370Z] Checked if tokens are valid: true, expires at: 1749787909756
[debug] [2025-06-13T03:28:54.370Z] Checked if tokens are valid: true, expires at: 1749787909756
[debug] [2025-06-13T03:28:54.370Z] Checked if tokens are valid: true, expires at: 1749787909756
[debug] [2025-06-13T03:28:54.370Z] Checked if tokens are valid: true, expires at: 1749787909756
[debug] [2025-06-13T03:28:54.371Z] Checked if tokens are valid: true, expires at: 1749787909756
[debug] [2025-06-13T03:28:54.371Z] Checked if tokens are valid: true, expires at: 1749787909756
[debug] [2025-06-13T03:28:54.371Z] Checked if tokens are valid: true, expires at: 1749787909756
[debug] [2025-06-13T03:28:54.371Z] Checked if tokens are valid: true, expires at: 1749787909756
[debug] [2025-06-13T03:28:54.371Z] Checked if tokens are valid: true, expires at: 1749787909756
[debug] [2025-06-13T03:28:54.371Z] Checked if tokens are valid: true, expires at: 1749787909756
[debug] [2025-06-13T03:28:54.371Z] Checked if tokens are valid: true, expires at: 1749787909756
[debug] [2025-06-13T03:28:54.371Z] Checked if tokens are valid: true, expires at: 1749787909756
[debug] [2025-06-13T03:28:54.371Z] Checked if tokens are valid: true, expires at: 1749787909756
[debug] [2025-06-13T03:28:54.371Z] Checked if tokens are valid: true, expires at: 1749787909756
[debug] [2025-06-13T03:28:54.371Z] Checked if tokens are valid: true, expires at: 1749787909756
[debug] [2025-06-13T03:28:54.371Z] Checked if tokens are valid: true, expires at: 1749787909756
[debug] [2025-06-13T03:28:54.371Z] Checked if tokens are valid: true, expires at: 1749787909756
[debug] [2025-06-13T03:28:54.372Z] Checked if tokens are valid: true, expires at: 1749787909756
[debug] [2025-06-13T03:28:54.372Z] Checked if tokens are valid: true, expires at: 1749787909756
[debug] [2025-06-13T03:28:54.372Z] Checked if tokens are valid: true, expires at: 1749787909756
[debug] [2025-06-13T03:28:54.372Z] Checked if tokens are valid: true, expires at: 1749787909756
[debug] [2025-06-13T03:28:54.372Z] Checked if tokens are valid: true, expires at: 1749787909756
[debug] [2025-06-13T03:28:54.372Z] Checked if tokens are valid: true, expires at: 1749787909756
[debug] [2025-06-13T03:28:54.372Z] Checked if tokens are valid: true, expires at: 1749787909756
[debug] [2025-06-13T03:28:54.372Z] Checked if tokens are valid: true, expires at: 1749787909756
[debug] [2025-06-13T03:28:54.372Z] Checked if tokens are valid: true, expires at: 1749787909756
[debug] [2025-06-13T03:28:54.372Z] Checked if tokens are valid: true, expires at: 1749787909756
[debug] [2025-06-13T03:28:54.372Z] Checked if tokens are valid: true, expires at: 1749787909756
[debug] [2025-06-13T03:28:54.372Z] Checked if tokens are valid: true, expires at: 1749787909756
[debug] [2025-06-13T03:28:54.372Z] Checked if tokens are valid: true, expires at: 1749787909756
[debug] [2025-06-13T03:28:54.372Z] Checked if tokens are valid: true, expires at: 1749787909756
[debug] [2025-06-13T03:28:54.372Z] Checked if tokens are valid: true, expires at: 1749787909756
[debug] [2025-06-13T03:28:54.372Z] Checked if tokens are valid: true, expires at: 1749787909756
[debug] [2025-06-13T03:28:54.373Z] Checked if tokens are valid: true, expires at: 1749787909756
[debug] [2025-06-13T03:28:54.373Z] Checked if tokens are valid: true, expires at: 1749787909756
[debug] [2025-06-13T03:28:54.373Z] Checked if tokens are valid: true, expires at: 1749787909756
[debug] [2025-06-13T03:28:54.373Z] Checked if tokens are valid: true, expires at: 1749787909756
[debug] [2025-06-13T03:28:54.373Z] Checked if tokens are valid: true, expires at: 1749787909756
[debug] [2025-06-13T03:28:54.373Z] Checked if tokens are valid: true, expires at: 1749787909756
[debug] [2025-06-13T03:28:54.373Z] Checked if tokens are valid: true, expires at: 1749787909756
[debug] [2025-06-13T03:28:54.373Z] Checked if tokens are valid: true, expires at: 1749787909756
[debug] [2025-06-13T03:28:54.373Z] Checked if tokens are valid: true, expires at: 1749787909756
[debug] [2025-06-13T03:28:54.373Z] Checked if tokens are valid: true, expires at: 1749787909756
[debug] [2025-06-13T03:28:54.373Z] Checked if tokens are valid: true, expires at: 1749787909756
[debug] [2025-06-13T03:28:54.373Z] Checked if tokens are valid: true, expires at: 1749787909756
[debug] [2025-06-13T03:28:54.373Z] Checked if tokens are valid: true, expires at: 1749787909756
[debug] [2025-06-13T03:28:54.373Z] Checked if tokens are valid: true, expires at: 1749787909756
[debug] [2025-06-13T03:28:54.373Z] Checked if tokens are valid: true, expires at: 1749787909756
[debug] [2025-06-13T03:28:54.374Z] Checked if tokens are valid: true, expires at: 1749787909756
[debug] [2025-06-13T03:28:54.374Z] Checked if tokens are valid: true, expires at: 1749787909756
[debug] [2025-06-13T03:28:54.374Z] Checked if tokens are valid: true, expires at: 1749787909756
[debug] [2025-06-13T03:28:54.374Z] Checked if tokens are valid: true, expires at: 1749787909756
[debug] [2025-06-13T03:28:54.374Z] Checked if tokens are valid: true, expires at: 1749787909756
[debug] [2025-06-13T03:28:54.374Z] Checked if tokens are valid: true, expires at: 1749787909756
[debug] [2025-06-13T03:28:54.374Z] Checked if tokens are valid: true, expires at: 1749787909756
[debug] [2025-06-13T03:28:54.374Z] Checked if tokens are valid: true, expires at: 1749787909756
[debug] [2025-06-13T03:28:54.374Z] Checked if tokens are valid: true, expires at: 1749787909756
[debug] [2025-06-13T03:28:54.374Z] Checked if tokens are valid: true, expires at: 1749787909756
[debug] [2025-06-13T03:28:54.374Z] Checked if tokens are valid: true, expires at: 1749787909756
[debug] [2025-06-13T03:28:54.374Z] Checked if tokens are valid: true, expires at: 1749787909756
[debug] [2025-06-13T03:28:54.374Z] Checked if tokens are valid: true, expires at: 1749787909756
[debug] [2025-06-13T03:28:54.374Z] Checked if tokens are valid: true, expires at: 1749787909756
[debug] [2025-06-13T03:28:54.374Z] Checked if tokens are valid: true, expires at: 1749787909756
[debug] [2025-06-13T03:28:54.375Z] Checked if tokens are valid: true, expires at: 1749787909756
[debug] [2025-06-13T03:28:54.375Z] Checked if tokens are valid: true, expires at: 1749787909756
[debug] [2025-06-13T03:28:54.375Z] Checked if tokens are valid: true, expires at: 1749787909756
[debug] [2025-06-13T03:28:54.375Z] Checked if tokens are valid: true, expires at: 1749787909756
[debug] [2025-06-13T03:28:54.375Z] >>> [apiv2][query] POST https://upload-firebasehosting.googleapis.com/upload/sites/personal-portfolio-49619/versions/23bc4bfc788eafd4/files/ca5e8facae9e484617703228a9f3f21e76cbbf01f3a2e396cbd4829fed45673f [none]
[debug] [2025-06-13T03:28:54.375Z] >>> [apiv2][body] POST https://upload-firebasehosting.googleapis.com/upload/sites/personal-portfolio-49619/versions/23bc4bfc788eafd4/files/ca5e8facae9e484617703228a9f3f21e76cbbf01f3a2e396cbd4829fed45673f [stream]
[debug] [2025-06-13T03:28:54.377Z] >>> [apiv2][query] POST https://upload-firebasehosting.googleapis.com/upload/sites/personal-portfolio-49619/versions/23bc4bfc788eafd4/files/29e4684ce2150f21443b0edc4be75a0af402a94d85aa53d2b822e5d25cda34ec [none]
[debug] [2025-06-13T03:28:54.377Z] >>> [apiv2][body] POST https://upload-firebasehosting.googleapis.com/upload/sites/personal-portfolio-49619/versions/23bc4bfc788eafd4/files/29e4684ce2150f21443b0edc4be75a0af402a94d85aa53d2b822e5d25cda34ec [stream]
[debug] [2025-06-13T03:28:54.378Z] >>> [apiv2][query] POST https://upload-firebasehosting.googleapis.com/upload/sites/personal-portfolio-49619/versions/23bc4bfc788eafd4/files/c2790d09ea27265fbd05e643934c07b581c47d3f31c3ba7910ea66330c5e3cc6 [none]
[debug] [2025-06-13T03:28:54.378Z] >>> [apiv2][body] POST https://upload-firebasehosting.googleapis.com/upload/sites/personal-portfolio-49619/versions/23bc4bfc788eafd4/files/c2790d09ea27265fbd05e643934c07b581c47d3f31c3ba7910ea66330c5e3cc6 [stream]
[debug] [2025-06-13T03:28:54.379Z] >>> [apiv2][query] POST https://upload-firebasehosting.googleapis.com/upload/sites/personal-portfolio-49619/versions/23bc4bfc788eafd4/files/4c82e2978679ed59eb434fc8f579ecc0217d67d6a698acc4a141f591a4e94be0 [none]
[debug] [2025-06-13T03:28:54.379Z] >>> [apiv2][body] POST https://upload-firebasehosting.googleapis.com/upload/sites/personal-portfolio-49619/versions/23bc4bfc788eafd4/files/4c82e2978679ed59eb434fc8f579ecc0217d67d6a698acc4a141f591a4e94be0 [stream]
[debug] [2025-06-13T03:28:54.380Z] >>> [apiv2][query] POST https://upload-firebasehosting.googleapis.com/upload/sites/personal-portfolio-49619/versions/23bc4bfc788eafd4/files/a85b47448050ee9c13323128740e57d9835e1ceb5ebbbaabab3c7da53db1c6d0 [none]
[debug] [2025-06-13T03:28:54.380Z] >>> [apiv2][body] POST https://upload-firebasehosting.googleapis.com/upload/sites/personal-portfolio-49619/versions/23bc4bfc788eafd4/files/a85b47448050ee9c13323128740e57d9835e1ceb5ebbbaabab3c7da53db1c6d0 [stream]
[debug] [2025-06-13T03:28:54.381Z] >>> [apiv2][query] POST https://upload-firebasehosting.googleapis.com/upload/sites/personal-portfolio-49619/versions/23bc4bfc788eafd4/files/bb21076fc263949955f92bff802b5bacae5ec1ba13256da0df78bbf40291bcb3 [none]
[debug] [2025-06-13T03:28:54.381Z] >>> [apiv2][body] POST https://upload-firebasehosting.googleapis.com/upload/sites/personal-portfolio-49619/versions/23bc4bfc788eafd4/files/bb21076fc263949955f92bff802b5bacae5ec1ba13256da0df78bbf40291bcb3 [stream]
[debug] [2025-06-13T03:28:54.382Z] >>> [apiv2][query] POST https://upload-firebasehosting.googleapis.com/upload/sites/personal-portfolio-49619/versions/23bc4bfc788eafd4/files/130e0744c7143539135cff8c2e702ff122584ecf5c4a42d870551b74d5d7ee6e [none]
[debug] [2025-06-13T03:28:54.382Z] >>> [apiv2][body] POST https://upload-firebasehosting.googleapis.com/upload/sites/personal-portfolio-49619/versions/23bc4bfc788eafd4/files/130e0744c7143539135cff8c2e702ff122584ecf5c4a42d870551b74d5d7ee6e [stream]
[debug] [2025-06-13T03:28:54.382Z] >>> [apiv2][query] POST https://upload-firebasehosting.googleapis.com/upload/sites/personal-portfolio-49619/versions/23bc4bfc788eafd4/files/398819a442cc78fafcb49d64ebb0dbfc37296e16d681c2f9bfa46b8e519c701d [none]
[debug] [2025-06-13T03:28:54.382Z] >>> [apiv2][body] POST https://upload-firebasehosting.googleapis.com/upload/sites/personal-portfolio-49619/versions/23bc4bfc788eafd4/files/398819a442cc78fafcb49d64ebb0dbfc37296e16d681c2f9bfa46b8e519c701d [stream]
[debug] [2025-06-13T03:28:54.383Z] >>> [apiv2][query] POST https://upload-firebasehosting.googleapis.com/upload/sites/personal-portfolio-49619/versions/23bc4bfc788eafd4/files/5173e3bca05d4dd5ccac5f3ebbf1b77acc0dba0ba349c4113ab26bb61324dae4 [none]
[debug] [2025-06-13T03:28:54.383Z] >>> [apiv2][body] POST https://upload-firebasehosting.googleapis.com/upload/sites/personal-portfolio-49619/versions/23bc4bfc788eafd4/files/5173e3bca05d4dd5ccac5f3ebbf1b77acc0dba0ba349c4113ab26bb61324dae4 [stream]
[debug] [2025-06-13T03:28:54.384Z] >>> [apiv2][query] POST https://upload-firebasehosting.googleapis.com/upload/sites/personal-portfolio-49619/versions/23bc4bfc788eafd4/files/e929ee59c0ef9968776a8885335e2e3a6c9eb09b94c90e4990ee98a37878d593 [none]
[debug] [2025-06-13T03:28:54.384Z] >>> [apiv2][body] POST https://upload-firebasehosting.googleapis.com/upload/sites/personal-portfolio-49619/versions/23bc4bfc788eafd4/files/e929ee59c0ef9968776a8885335e2e3a6c9eb09b94c90e4990ee98a37878d593 [stream]
[debug] [2025-06-13T03:28:54.384Z] >>> [apiv2][query] POST https://upload-firebasehosting.googleapis.com/upload/sites/personal-portfolio-49619/versions/23bc4bfc788eafd4/files/bee6aa362c66396b1437e5b8c2dd3cfac7fbf31f8f15bdaa949e11379174366d [none]
[debug] [2025-06-13T03:28:54.384Z] >>> [apiv2][body] POST https://upload-firebasehosting.googleapis.com/upload/sites/personal-portfolio-49619/versions/23bc4bfc788eafd4/files/bee6aa362c66396b1437e5b8c2dd3cfac7fbf31f8f15bdaa949e11379174366d [stream]
[debug] [2025-06-13T03:28:54.385Z] >>> [apiv2][query] POST https://upload-firebasehosting.googleapis.com/upload/sites/personal-portfolio-49619/versions/23bc4bfc788eafd4/files/cd9112bc8cf8a1a73fa7fc1f1c6545ae93fb164808ee4bbcef75b79b77b60d73 [none]
[debug] [2025-06-13T03:28:54.385Z] >>> [apiv2][body] POST https://upload-firebasehosting.googleapis.com/upload/sites/personal-portfolio-49619/versions/23bc4bfc788eafd4/files/cd9112bc8cf8a1a73fa7fc1f1c6545ae93fb164808ee4bbcef75b79b77b60d73 [stream]
[debug] [2025-06-13T03:28:54.385Z] >>> [apiv2][query] POST https://upload-firebasehosting.googleapis.com/upload/sites/personal-portfolio-49619/versions/23bc4bfc788eafd4/files/0bccef009ab0844605bc06a531ec19aebf1e2bd3389a34b9c444e2eb165c5699 [none]
[debug] [2025-06-13T03:28:54.385Z] >>> [apiv2][body] POST https://upload-firebasehosting.googleapis.com/upload/sites/personal-portfolio-49619/versions/23bc4bfc788eafd4/files/0bccef009ab0844605bc06a531ec19aebf1e2bd3389a34b9c444e2eb165c5699 [stream]
[debug] [2025-06-13T03:28:54.386Z] >>> [apiv2][query] POST https://upload-firebasehosting.googleapis.com/upload/sites/personal-portfolio-49619/versions/23bc4bfc788eafd4/files/7e2d42babef067500a9927ef8ee3c0431628836eb179bcfde0c3ba87f0a447fe [none]
[debug] [2025-06-13T03:28:54.386Z] >>> [apiv2][body] POST https://upload-firebasehosting.googleapis.com/upload/sites/personal-portfolio-49619/versions/23bc4bfc788eafd4/files/7e2d42babef067500a9927ef8ee3c0431628836eb179bcfde0c3ba87f0a447fe [stream]
[debug] [2025-06-13T03:28:54.386Z] >>> [apiv2][query] POST https://upload-firebasehosting.googleapis.com/upload/sites/personal-portfolio-49619/versions/23bc4bfc788eafd4/files/36e90edf0ce9098c29f2e1619d3b83db4b1171ac37626e8b1198704b10807fbf [none]
[debug] [2025-06-13T03:28:54.387Z] >>> [apiv2][body] POST https://upload-firebasehosting.googleapis.com/upload/sites/personal-portfolio-49619/versions/23bc4bfc788eafd4/files/36e90edf0ce9098c29f2e1619d3b83db4b1171ac37626e8b1198704b10807fbf [stream]
[debug] [2025-06-13T03:28:54.387Z] >>> [apiv2][query] POST https://upload-firebasehosting.googleapis.com/upload/sites/personal-portfolio-49619/versions/23bc4bfc788eafd4/files/7a013acad2aa0885c602fbd76b863c656b305948f794da29c407bb2ab572d2e1 [none]
[debug] [2025-06-13T03:28:54.387Z] >>> [apiv2][body] POST https://upload-firebasehosting.googleapis.com/upload/sites/personal-portfolio-49619/versions/23bc4bfc788eafd4/files/7a013acad2aa0885c602fbd76b863c656b305948f794da29c407bb2ab572d2e1 [stream]
[debug] [2025-06-13T03:28:54.388Z] >>> [apiv2][query] POST https://upload-firebasehosting.googleapis.com/upload/sites/personal-portfolio-49619/versions/23bc4bfc788eafd4/files/04d3277d1f6445ff259c31e1c502e41b8842d6d23fdbb7466073730f4a4ccac1 [none]
[debug] [2025-06-13T03:28:54.388Z] >>> [apiv2][body] POST https://upload-firebasehosting.googleapis.com/upload/sites/personal-portfolio-49619/versions/23bc4bfc788eafd4/files/04d3277d1f6445ff259c31e1c502e41b8842d6d23fdbb7466073730f4a4ccac1 [stream]
[debug] [2025-06-13T03:28:54.388Z] >>> [apiv2][query] POST https://upload-firebasehosting.googleapis.com/upload/sites/personal-portfolio-49619/versions/23bc4bfc788eafd4/files/83449a2e7d02be3ca6be380d68ffad450f8deff8ceaad570696564ef44ad5505 [none]
[debug] [2025-06-13T03:28:54.388Z] >>> [apiv2][body] POST https://upload-firebasehosting.googleapis.com/upload/sites/personal-portfolio-49619/versions/23bc4bfc788eafd4/files/83449a2e7d02be3ca6be380d68ffad450f8deff8ceaad570696564ef44ad5505 [stream]
[debug] [2025-06-13T03:28:54.389Z] >>> [apiv2][query] POST https://upload-firebasehosting.googleapis.com/upload/sites/personal-portfolio-49619/versions/23bc4bfc788eafd4/files/db7e911796c12cfda239ca33cbf42704872ae2b2864d6a512de1b7e518415071 [none]
[debug] [2025-06-13T03:28:54.389Z] >>> [apiv2][body] POST https://upload-firebasehosting.googleapis.com/upload/sites/personal-portfolio-49619/versions/23bc4bfc788eafd4/files/db7e911796c12cfda239ca33cbf42704872ae2b2864d6a512de1b7e518415071 [stream]
[debug] [2025-06-13T03:28:54.389Z] >>> [apiv2][query] POST https://upload-firebasehosting.googleapis.com/upload/sites/personal-portfolio-49619/versions/23bc4bfc788eafd4/files/6e3913166b9cd87264a775dbeda6312e1e12b3b300abcd39750b1ec7d5bf8c68 [none]
[debug] [2025-06-13T03:28:54.389Z] >>> [apiv2][body] POST https://upload-firebasehosting.googleapis.com/upload/sites/personal-portfolio-49619/versions/23bc4bfc788eafd4/files/6e3913166b9cd87264a775dbeda6312e1e12b3b300abcd39750b1ec7d5bf8c68 [stream]
[debug] [2025-06-13T03:28:54.390Z] >>> [apiv2][query] POST https://upload-firebasehosting.googleapis.com/upload/sites/personal-portfolio-49619/versions/23bc4bfc788eafd4/files/a7596f9cdcb3b1aeca5bf455ae0075204f2ccbd547f1c75de4dd5aa652e5284a [none]
[debug] [2025-06-13T03:28:54.390Z] >>> [apiv2][body] POST https://upload-firebasehosting.googleapis.com/upload/sites/personal-portfolio-49619/versions/23bc4bfc788eafd4/files/a7596f9cdcb3b1aeca5bf455ae0075204f2ccbd547f1c75de4dd5aa652e5284a [stream]
[debug] [2025-06-13T03:28:54.390Z] >>> [apiv2][query] POST https://upload-firebasehosting.googleapis.com/upload/sites/personal-portfolio-49619/versions/23bc4bfc788eafd4/files/366ebd0ee9069a053c0f5554d36b588c7180ed4f0b53daed7a57095007917770 [none]
[debug] [2025-06-13T03:28:54.390Z] >>> [apiv2][body] POST https://upload-firebasehosting.googleapis.com/upload/sites/personal-portfolio-49619/versions/23bc4bfc788eafd4/files/366ebd0ee9069a053c0f5554d36b588c7180ed4f0b53daed7a57095007917770 [stream]
[debug] [2025-06-13T03:28:54.391Z] >>> [apiv2][query] POST https://upload-firebasehosting.googleapis.com/upload/sites/personal-portfolio-49619/versions/23bc4bfc788eafd4/files/77f48d5843266d4b14eee397e095fe30ad66ec545ab78f8427eaafd6ce526ab3 [none]
[debug] [2025-06-13T03:28:54.391Z] >>> [apiv2][body] POST https://upload-firebasehosting.googleapis.com/upload/sites/personal-portfolio-49619/versions/23bc4bfc788eafd4/files/77f48d5843266d4b14eee397e095fe30ad66ec545ab78f8427eaafd6ce526ab3 [stream]
[debug] [2025-06-13T03:28:54.392Z] >>> [apiv2][query] POST https://upload-firebasehosting.googleapis.com/upload/sites/personal-portfolio-49619/versions/23bc4bfc788eafd4/files/c2cfde338692e00a8b7ec20f86dd2a2099b5a98b0576ab8a0d6bbfa961fb15bd [none]
[debug] [2025-06-13T03:28:54.392Z] >>> [apiv2][body] POST https://upload-firebasehosting.googleapis.com/upload/sites/personal-portfolio-49619/versions/23bc4bfc788eafd4/files/c2cfde338692e00a8b7ec20f86dd2a2099b5a98b0576ab8a0d6bbfa961fb15bd [stream]
[debug] [2025-06-13T03:28:54.392Z] >>> [apiv2][query] POST https://upload-firebasehosting.googleapis.com/upload/sites/personal-portfolio-49619/versions/23bc4bfc788eafd4/files/44c8b1654023e8b0b6850d250528ae81035782a9b5fd2afca37f5464927e3b63 [none]
[debug] [2025-06-13T03:28:54.392Z] >>> [apiv2][body] POST https://upload-firebasehosting.googleapis.com/upload/sites/personal-portfolio-49619/versions/23bc4bfc788eafd4/files/44c8b1654023e8b0b6850d250528ae81035782a9b5fd2afca37f5464927e3b63 [stream]
[debug] [2025-06-13T03:28:54.393Z] >>> [apiv2][query] POST https://upload-firebasehosting.googleapis.com/upload/sites/personal-portfolio-49619/versions/23bc4bfc788eafd4/files/ce1456ef0a0caecbed813d6b7685a38c29e0b7944be095507ea38d99a312a586 [none]
[debug] [2025-06-13T03:28:54.393Z] >>> [apiv2][body] POST https://upload-firebasehosting.googleapis.com/upload/sites/personal-portfolio-49619/versions/23bc4bfc788eafd4/files/ce1456ef0a0caecbed813d6b7685a38c29e0b7944be095507ea38d99a312a586 [stream]
[debug] [2025-06-13T03:28:54.393Z] >>> [apiv2][query] POST https://upload-firebasehosting.googleapis.com/upload/sites/personal-portfolio-49619/versions/23bc4bfc788eafd4/files/af089dc8798f1fa253b7cb3d3b92119401c537e3902bc18b1fe7980e8e32c80e [none]
[debug] [2025-06-13T03:28:54.393Z] >>> [apiv2][body] POST https://upload-firebasehosting.googleapis.com/upload/sites/personal-portfolio-49619/versions/23bc4bfc788eafd4/files/af089dc8798f1fa253b7cb3d3b92119401c537e3902bc18b1fe7980e8e32c80e [stream]
[debug] [2025-06-13T03:28:54.394Z] >>> [apiv2][query] POST https://upload-firebasehosting.googleapis.com/upload/sites/personal-portfolio-49619/versions/23bc4bfc788eafd4/files/2109023796fd784f1587067b1ea2e1e199fae266c8f0d669ff39163de871725f [none]
[debug] [2025-06-13T03:28:54.394Z] >>> [apiv2][body] POST https://upload-firebasehosting.googleapis.com/upload/sites/personal-portfolio-49619/versions/23bc4bfc788eafd4/files/2109023796fd784f1587067b1ea2e1e199fae266c8f0d669ff39163de871725f [stream]
[debug] [2025-06-13T03:28:54.394Z] >>> [apiv2][query] POST https://upload-firebasehosting.googleapis.com/upload/sites/personal-portfolio-49619/versions/23bc4bfc788eafd4/files/5c983e4edd806fe4713b52454a0afa742394af4aa7e261f6fb49069d23b54bb3 [none]
[debug] [2025-06-13T03:28:54.394Z] >>> [apiv2][body] POST https://upload-firebasehosting.googleapis.com/upload/sites/personal-portfolio-49619/versions/23bc4bfc788eafd4/files/5c983e4edd806fe4713b52454a0afa742394af4aa7e261f6fb49069d23b54bb3 [stream]
[debug] [2025-06-13T03:28:54.395Z] >>> [apiv2][query] POST https://upload-firebasehosting.googleapis.com/upload/sites/personal-portfolio-49619/versions/23bc4bfc788eafd4/files/dd06b4c2578934f2f316f6067c541a0a05daeca3cf1fd776d9d6a9adb5e00ef2 [none]
[debug] [2025-06-13T03:28:54.395Z] >>> [apiv2][body] POST https://upload-firebasehosting.googleapis.com/upload/sites/personal-portfolio-49619/versions/23bc4bfc788eafd4/files/dd06b4c2578934f2f316f6067c541a0a05daeca3cf1fd776d9d6a9adb5e00ef2 [stream]
[debug] [2025-06-13T03:28:54.396Z] >>> [apiv2][query] POST https://upload-firebasehosting.googleapis.com/upload/sites/personal-portfolio-49619/versions/23bc4bfc788eafd4/files/378396be5b84649fb436d4446f053bee805a7e5a1f4e776f379eca4ab5f3e902 [none]
[debug] [2025-06-13T03:28:54.396Z] >>> [apiv2][body] POST https://upload-firebasehosting.googleapis.com/upload/sites/personal-portfolio-49619/versions/23bc4bfc788eafd4/files/378396be5b84649fb436d4446f053bee805a7e5a1f4e776f379eca4ab5f3e902 [stream]
[debug] [2025-06-13T03:28:54.397Z] >>> [apiv2][query] POST https://upload-firebasehosting.googleapis.com/upload/sites/personal-portfolio-49619/versions/23bc4bfc788eafd4/files/655f66408cc90dc532d90015ec2d8d583205572e082be5cb21427acaac8e98b4 [none]
[debug] [2025-06-13T03:28:54.397Z] >>> [apiv2][body] POST https://upload-firebasehosting.googleapis.com/upload/sites/personal-portfolio-49619/versions/23bc4bfc788eafd4/files/655f66408cc90dc532d90015ec2d8d583205572e082be5cb21427acaac8e98b4 [stream]
[debug] [2025-06-13T03:28:54.398Z] >>> [apiv2][query] POST https://upload-firebasehosting.googleapis.com/upload/sites/personal-portfolio-49619/versions/23bc4bfc788eafd4/files/3bf9bd83391f8c53d29979c0ea98111eb442a86cd921be3193a7ce7a4b27abcd [none]
[debug] [2025-06-13T03:28:54.398Z] >>> [apiv2][body] POST https://upload-firebasehosting.googleapis.com/upload/sites/personal-portfolio-49619/versions/23bc4bfc788eafd4/files/3bf9bd83391f8c53d29979c0ea98111eb442a86cd921be3193a7ce7a4b27abcd [stream]
[debug] [2025-06-13T03:28:54.398Z] >>> [apiv2][query] POST https://upload-firebasehosting.googleapis.com/upload/sites/personal-portfolio-49619/versions/23bc4bfc788eafd4/files/b8f19cc284aa33083a054f185f452e5ea34ed431fbac2b707d5c8b3e454dff02 [none]
[debug] [2025-06-13T03:28:54.398Z] >>> [apiv2][body] POST https://upload-firebasehosting.googleapis.com/upload/sites/personal-portfolio-49619/versions/23bc4bfc788eafd4/files/b8f19cc284aa33083a054f185f452e5ea34ed431fbac2b707d5c8b3e454dff02 [stream]
[debug] [2025-06-13T03:28:54.399Z] >>> [apiv2][query] POST https://upload-firebasehosting.googleapis.com/upload/sites/personal-portfolio-49619/versions/23bc4bfc788eafd4/files/a87c0954a6184a0e0d27cd02df3fe43c02f121416dc1d71923148f1dbbdc377a [none]
[debug] [2025-06-13T03:28:54.399Z] >>> [apiv2][body] POST https://upload-firebasehosting.googleapis.com/upload/sites/personal-portfolio-49619/versions/23bc4bfc788eafd4/files/a87c0954a6184a0e0d27cd02df3fe43c02f121416dc1d71923148f1dbbdc377a [stream]
[debug] [2025-06-13T03:28:54.399Z] >>> [apiv2][query] POST https://upload-firebasehosting.googleapis.com/upload/sites/personal-portfolio-49619/versions/23bc4bfc788eafd4/files/95eb58b5558edb55193c4d54af7e6ae4c9606bee3e43e8514b019834948da18d [none]
[debug] [2025-06-13T03:28:54.400Z] >>> [apiv2][body] POST https://upload-firebasehosting.googleapis.com/upload/sites/personal-portfolio-49619/versions/23bc4bfc788eafd4/files/95eb58b5558edb55193c4d54af7e6ae4c9606bee3e43e8514b019834948da18d [stream]
[debug] [2025-06-13T03:28:54.400Z] >>> [apiv2][query] POST https://upload-firebasehosting.googleapis.com/upload/sites/personal-portfolio-49619/versions/23bc4bfc788eafd4/files/ed58c1217e3b4b74371c7c0b7a881daa913f74764342b5a80e9800a253ff0913 [none]
[debug] [2025-06-13T03:28:54.400Z] >>> [apiv2][body] POST https://upload-firebasehosting.googleapis.com/upload/sites/personal-portfolio-49619/versions/23bc4bfc788eafd4/files/ed58c1217e3b4b74371c7c0b7a881daa913f74764342b5a80e9800a253ff0913 [stream]
[debug] [2025-06-13T03:28:54.401Z] >>> [apiv2][query] POST https://upload-firebasehosting.googleapis.com/upload/sites/personal-portfolio-49619/versions/23bc4bfc788eafd4/files/25d785f2db28a9ac821eeccc618d046f8e3afa54f3a7adc8eebc4c04c52f4e98 [none]
[debug] [2025-06-13T03:28:54.401Z] >>> [apiv2][body] POST https://upload-firebasehosting.googleapis.com/upload/sites/personal-portfolio-49619/versions/23bc4bfc788eafd4/files/25d785f2db28a9ac821eeccc618d046f8e3afa54f3a7adc8eebc4c04c52f4e98 [stream]
[debug] [2025-06-13T03:28:54.401Z] >>> [apiv2][query] POST https://upload-firebasehosting.googleapis.com/upload/sites/personal-portfolio-49619/versions/23bc4bfc788eafd4/files/b11b1c5b7ac979ab73c9f436688eda0fe1b69dd395c59a22359a03bd3d215cf6 [none]
[debug] [2025-06-13T03:28:54.401Z] >>> [apiv2][body] POST https://upload-firebasehosting.googleapis.com/upload/sites/personal-portfolio-49619/versions/23bc4bfc788eafd4/files/b11b1c5b7ac979ab73c9f436688eda0fe1b69dd395c59a22359a03bd3d215cf6 [stream]
[debug] [2025-06-13T03:28:54.402Z] >>> [apiv2][query] POST https://upload-firebasehosting.googleapis.com/upload/sites/personal-portfolio-49619/versions/23bc4bfc788eafd4/files/d855fcb69695e76b1fa1d2e5d1747468253515aeeb1a45aef3557df25f113a2b [none]
[debug] [2025-06-13T03:28:54.402Z] >>> [apiv2][body] POST https://upload-firebasehosting.googleapis.com/upload/sites/personal-portfolio-49619/versions/23bc4bfc788eafd4/files/d855fcb69695e76b1fa1d2e5d1747468253515aeeb1a45aef3557df25f113a2b [stream]
[debug] [2025-06-13T03:28:54.403Z] >>> [apiv2][query] POST https://upload-firebasehosting.googleapis.com/upload/sites/personal-portfolio-49619/versions/23bc4bfc788eafd4/files/b443622e595036edc49f82f602bbc92daa95aa76be31e60a84d1035d8a96f68c [none]
[debug] [2025-06-13T03:28:54.403Z] >>> [apiv2][body] POST https://upload-firebasehosting.googleapis.com/upload/sites/personal-portfolio-49619/versions/23bc4bfc788eafd4/files/b443622e595036edc49f82f602bbc92daa95aa76be31e60a84d1035d8a96f68c [stream]
[debug] [2025-06-13T03:28:54.404Z] >>> [apiv2][query] POST https://upload-firebasehosting.googleapis.com/upload/sites/personal-portfolio-49619/versions/23bc4bfc788eafd4/files/acea2ed63a273ab4ca21a5071e93c8246d013bca031410b2d34087a30f99602d [none]
[debug] [2025-06-13T03:28:54.404Z] >>> [apiv2][body] POST https://upload-firebasehosting.googleapis.com/upload/sites/personal-portfolio-49619/versions/23bc4bfc788eafd4/files/acea2ed63a273ab4ca21a5071e93c8246d013bca031410b2d34087a30f99602d [stream]
[debug] [2025-06-13T03:28:54.404Z] [hosting][populate queue][FINAL] {"max":571,"min":571,"avg":571,"active":0,"complete":1,"success":1,"errored":0,"retried":0,"total":1,"elapsed":600}
[debug] [2025-06-13T03:28:54.404Z] [hosting] uploads queued: 42
[debug] [2025-06-13T03:28:55.487Z] <<< [apiv2][status] POST https://upload-firebasehosting.googleapis.com/upload/sites/personal-portfolio-49619/versions/23bc4bfc788eafd4/files/04d3277d1f6445ff259c31e1c502e41b8842d6d23fdbb7466073730f4a4ccac1 200
[debug] [2025-06-13T03:28:55.487Z] <<< [apiv2][body] POST https://upload-firebasehosting.googleapis.com/upload/sites/personal-portfolio-49619/versions/23bc4bfc788eafd4/files/04d3277d1f6445ff259c31e1c502e41b8842d6d23fdbb7466073730f4a4ccac1 [stream]
[debug] [2025-06-13T03:28:56.099Z] <<< [apiv2][status] POST https://upload-firebasehosting.googleapis.com/upload/sites/personal-portfolio-49619/versions/23bc4bfc788eafd4/files/398819a442cc78fafcb49d64ebb0dbfc37296e16d681c2f9bfa46b8e519c701d 200
[debug] [2025-06-13T03:28:56.099Z] <<< [apiv2][body] POST https://upload-firebasehosting.googleapis.com/upload/sites/personal-portfolio-49619/versions/23bc4bfc788eafd4/files/398819a442cc78fafcb49d64ebb0dbfc37296e16d681c2f9bfa46b8e519c701d [stream]
[debug] [2025-06-13T03:28:56.152Z] <<< [apiv2][status] POST https://upload-firebasehosting.googleapis.com/upload/sites/personal-portfolio-49619/versions/23bc4bfc788eafd4/files/655f66408cc90dc532d90015ec2d8d583205572e082be5cb21427acaac8e98b4 200
[debug] [2025-06-13T03:28:56.153Z] <<< [apiv2][body] POST https://upload-firebasehosting.googleapis.com/upload/sites/personal-portfolio-49619/versions/23bc4bfc788eafd4/files/655f66408cc90dc532d90015ec2d8d583205572e082be5cb21427acaac8e98b4 [stream]
[debug] [2025-06-13T03:28:56.205Z] <<< [apiv2][status] POST https://upload-firebasehosting.googleapis.com/upload/sites/personal-portfolio-49619/versions/23bc4bfc788eafd4/files/36e90edf0ce9098c29f2e1619d3b83db4b1171ac37626e8b1198704b10807fbf 200
[debug] [2025-06-13T03:28:56.206Z] <<< [apiv2][body] POST https://upload-firebasehosting.googleapis.com/upload/sites/personal-portfolio-49619/versions/23bc4bfc788eafd4/files/36e90edf0ce9098c29f2e1619d3b83db4b1171ac37626e8b1198704b10807fbf [stream]
[debug] [2025-06-13T03:28:56.438Z] <<< [apiv2][status] POST https://upload-firebasehosting.googleapis.com/upload/sites/personal-portfolio-49619/versions/23bc4bfc788eafd4/files/a85b47448050ee9c13323128740e57d9835e1ceb5ebbbaabab3c7da53db1c6d0 200
[debug] [2025-06-13T03:28:56.439Z] <<< [apiv2][body] POST https://upload-firebasehosting.googleapis.com/upload/sites/personal-portfolio-49619/versions/23bc4bfc788eafd4/files/a85b47448050ee9c13323128740e57d9835e1ceb5ebbbaabab3c7da53db1c6d0 [stream]
[debug] [2025-06-13T03:28:56.451Z] <<< [apiv2][status] POST https://upload-firebasehosting.googleapis.com/upload/sites/personal-portfolio-49619/versions/23bc4bfc788eafd4/files/5173e3bca05d4dd5ccac5f3ebbf1b77acc0dba0ba349c4113ab26bb61324dae4 200
[debug] [2025-06-13T03:28:56.451Z] <<< [apiv2][body] POST https://upload-firebasehosting.googleapis.com/upload/sites/personal-portfolio-49619/versions/23bc4bfc788eafd4/files/5173e3bca05d4dd5ccac5f3ebbf1b77acc0dba0ba349c4113ab26bb61324dae4 [stream]
[debug] [2025-06-13T03:28:56.504Z] <<< [apiv2][status] POST https://upload-firebasehosting.googleapis.com/upload/sites/personal-portfolio-49619/versions/23bc4bfc788eafd4/files/6e3913166b9cd87264a775dbeda6312e1e12b3b300abcd39750b1ec7d5bf8c68 200
[debug] [2025-06-13T03:28:56.504Z] <<< [apiv2][body] POST https://upload-firebasehosting.googleapis.com/upload/sites/personal-portfolio-49619/versions/23bc4bfc788eafd4/files/6e3913166b9cd87264a775dbeda6312e1e12b3b300abcd39750b1ec7d5bf8c68 [stream]
[debug] [2025-06-13T03:28:56.528Z] <<< [apiv2][status] POST https://upload-firebasehosting.googleapis.com/upload/sites/personal-portfolio-49619/versions/23bc4bfc788eafd4/files/acea2ed63a273ab4ca21a5071e93c8246d013bca031410b2d34087a30f99602d 200
[debug] [2025-06-13T03:28:56.529Z] <<< [apiv2][body] POST https://upload-firebasehosting.googleapis.com/upload/sites/personal-portfolio-49619/versions/23bc4bfc788eafd4/files/acea2ed63a273ab4ca21a5071e93c8246d013bca031410b2d34087a30f99602d [stream]
[debug] [2025-06-13T03:28:56.589Z] <<< [apiv2][status] POST https://upload-firebasehosting.googleapis.com/upload/sites/personal-portfolio-49619/versions/23bc4bfc788eafd4/files/d855fcb69695e76b1fa1d2e5d1747468253515aeeb1a45aef3557df25f113a2b 200
[debug] [2025-06-13T03:28:56.589Z] <<< [apiv2][body] POST https://upload-firebasehosting.googleapis.com/upload/sites/personal-portfolio-49619/versions/23bc4bfc788eafd4/files/d855fcb69695e76b1fa1d2e5d1747468253515aeeb1a45aef3557df25f113a2b [stream]
[debug] [2025-06-13T03:28:56.603Z] <<< [apiv2][status] POST https://upload-firebasehosting.googleapis.com/upload/sites/personal-portfolio-49619/versions/23bc4bfc788eafd4/files/95eb58b5558edb55193c4d54af7e6ae4c9606bee3e43e8514b019834948da18d 200
[debug] [2025-06-13T03:28:56.603Z] <<< [apiv2][body] POST https://upload-firebasehosting.googleapis.com/upload/sites/personal-portfolio-49619/versions/23bc4bfc788eafd4/files/95eb58b5558edb55193c4d54af7e6ae4c9606bee3e43e8514b019834948da18d [stream]
[debug] [2025-06-13T03:28:56.617Z] <<< [apiv2][status] POST https://upload-firebasehosting.googleapis.com/upload/sites/personal-portfolio-49619/versions/23bc4bfc788eafd4/files/7e2d42babef067500a9927ef8ee3c0431628836eb179bcfde0c3ba87f0a447fe 200
[debug] [2025-06-13T03:28:56.617Z] <<< [apiv2][body] POST https://upload-firebasehosting.googleapis.com/upload/sites/personal-portfolio-49619/versions/23bc4bfc788eafd4/files/7e2d42babef067500a9927ef8ee3c0431628836eb179bcfde0c3ba87f0a447fe [stream]
[debug] [2025-06-13T03:28:56.621Z] <<< [apiv2][status] POST https://upload-firebasehosting.googleapis.com/upload/sites/personal-portfolio-49619/versions/23bc4bfc788eafd4/files/4c82e2978679ed59eb434fc8f579ecc0217d67d6a698acc4a141f591a4e94be0 200
[debug] [2025-06-13T03:28:56.622Z] <<< [apiv2][body] POST https://upload-firebasehosting.googleapis.com/upload/sites/personal-portfolio-49619/versions/23bc4bfc788eafd4/files/4c82e2978679ed59eb434fc8f579ecc0217d67d6a698acc4a141f591a4e94be0 [stream]
[debug] [2025-06-13T03:28:56.691Z] <<< [apiv2][status] POST https://upload-firebasehosting.googleapis.com/upload/sites/personal-portfolio-49619/versions/23bc4bfc788eafd4/files/25d785f2db28a9ac821eeccc618d046f8e3afa54f3a7adc8eebc4c04c52f4e98 200
[debug] [2025-06-13T03:28:56.691Z] <<< [apiv2][body] POST https://upload-firebasehosting.googleapis.com/upload/sites/personal-portfolio-49619/versions/23bc4bfc788eafd4/files/25d785f2db28a9ac821eeccc618d046f8e3afa54f3a7adc8eebc4c04c52f4e98 [stream]
[debug] [2025-06-13T03:28:56.715Z] <<< [apiv2][status] POST https://upload-firebasehosting.googleapis.com/upload/sites/personal-portfolio-49619/versions/23bc4bfc788eafd4/files/366ebd0ee9069a053c0f5554d36b588c7180ed4f0b53daed7a57095007917770 200
[debug] [2025-06-13T03:28:56.715Z] <<< [apiv2][body] POST https://upload-firebasehosting.googleapis.com/upload/sites/personal-portfolio-49619/versions/23bc4bfc788eafd4/files/366ebd0ee9069a053c0f5554d36b588c7180ed4f0b53daed7a57095007917770 [stream]
[debug] [2025-06-13T03:28:56.736Z] <<< [apiv2][status] POST https://upload-firebasehosting.googleapis.com/upload/sites/personal-portfolio-49619/versions/23bc4bfc788eafd4/files/c2790d09ea27265fbd05e643934c07b581c47d3f31c3ba7910ea66330c5e3cc6 200
[debug] [2025-06-13T03:28:56.737Z] <<< [apiv2][body] POST https://upload-firebasehosting.googleapis.com/upload/sites/personal-portfolio-49619/versions/23bc4bfc788eafd4/files/c2790d09ea27265fbd05e643934c07b581c47d3f31c3ba7910ea66330c5e3cc6 [stream]
[debug] [2025-06-13T03:28:57.080Z] <<< [apiv2][status] POST https://upload-firebasehosting.googleapis.com/upload/sites/personal-portfolio-49619/versions/23bc4bfc788eafd4/files/a87c0954a6184a0e0d27cd02df3fe43c02f121416dc1d71923148f1dbbdc377a 200
[debug] [2025-06-13T03:28:57.081Z] <<< [apiv2][body] POST https://upload-firebasehosting.googleapis.com/upload/sites/personal-portfolio-49619/versions/23bc4bfc788eafd4/files/a87c0954a6184a0e0d27cd02df3fe43c02f121416dc1d71923148f1dbbdc377a [stream]
[debug] [2025-06-13T03:28:58.059Z] <<< [apiv2][status] POST https://upload-firebasehosting.googleapis.com/upload/sites/personal-portfolio-49619/versions/23bc4bfc788eafd4/files/b8f19cc284aa33083a054f185f452e5ea34ed431fbac2b707d5c8b3e454dff02 200
[debug] [2025-06-13T03:28:58.059Z] <<< [apiv2][body] POST https://upload-firebasehosting.googleapis.com/upload/sites/personal-portfolio-49619/versions/23bc4bfc788eafd4/files/b8f19cc284aa33083a054f185f452e5ea34ed431fbac2b707d5c8b3e454dff02 [stream]
[debug] [2025-06-13T03:28:58.599Z] <<< [apiv2][status] POST https://upload-firebasehosting.googleapis.com/upload/sites/personal-portfolio-49619/versions/23bc4bfc788eafd4/files/ce1456ef0a0caecbed813d6b7685a38c29e0b7944be095507ea38d99a312a586 200
[debug] [2025-06-13T03:28:58.599Z] <<< [apiv2][body] POST https://upload-firebasehosting.googleapis.com/upload/sites/personal-portfolio-49619/versions/23bc4bfc788eafd4/files/ce1456ef0a0caecbed813d6b7685a38c29e0b7944be095507ea38d99a312a586 [stream]
[debug] [2025-06-13T03:28:59.958Z] <<< [apiv2][status] POST https://upload-firebasehosting.googleapis.com/upload/sites/personal-portfolio-49619/versions/23bc4bfc788eafd4/files/44c8b1654023e8b0b6850d250528ae81035782a9b5fd2afca37f5464927e3b63 200
[debug] [2025-06-13T03:28:59.958Z] <<< [apiv2][body] POST https://upload-firebasehosting.googleapis.com/upload/sites/personal-portfolio-49619/versions/23bc4bfc788eafd4/files/44c8b1654023e8b0b6850d250528ae81035782a9b5fd2afca37f5464927e3b63 [stream]
[debug] [2025-06-13T03:29:00.027Z] <<< [apiv2][status] POST https://upload-firebasehosting.googleapis.com/upload/sites/personal-portfolio-49619/versions/23bc4bfc788eafd4/files/83449a2e7d02be3ca6be380d68ffad450f8deff8ceaad570696564ef44ad5505 200
[debug] [2025-06-13T03:29:00.027Z] <<< [apiv2][body] POST https://upload-firebasehosting.googleapis.com/upload/sites/personal-portfolio-49619/versions/23bc4bfc788eafd4/files/83449a2e7d02be3ca6be380d68ffad450f8deff8ceaad570696564ef44ad5505 [stream]
[debug] [2025-06-13T03:29:00.467Z] <<< [apiv2][status] POST https://upload-firebasehosting.googleapis.com/upload/sites/personal-portfolio-49619/versions/23bc4bfc788eafd4/files/5c983e4edd806fe4713b52454a0afa742394af4aa7e261f6fb49069d23b54bb3 200
[debug] [2025-06-13T03:29:00.468Z] <<< [apiv2][body] POST https://upload-firebasehosting.googleapis.com/upload/sites/personal-portfolio-49619/versions/23bc4bfc788eafd4/files/5c983e4edd806fe4713b52454a0afa742394af4aa7e261f6fb49069d23b54bb3 [stream]
[debug] [2025-06-13T03:29:00.705Z] <<< [apiv2][status] POST https://upload-firebasehosting.googleapis.com/upload/sites/personal-portfolio-49619/versions/23bc4bfc788eafd4/files/2109023796fd784f1587067b1ea2e1e199fae266c8f0d669ff39163de871725f 200
[debug] [2025-06-13T03:29:00.705Z] <<< [apiv2][body] POST https://upload-firebasehosting.googleapis.com/upload/sites/personal-portfolio-49619/versions/23bc4bfc788eafd4/files/2109023796fd784f1587067b1ea2e1e199fae266c8f0d669ff39163de871725f [stream]
[debug] [2025-06-13T03:29:01.071Z] <<< [apiv2][status] POST https://upload-firebasehosting.googleapis.com/upload/sites/personal-portfolio-49619/versions/23bc4bfc788eafd4/files/cd9112bc8cf8a1a73fa7fc1f1c6545ae93fb164808ee4bbcef75b79b77b60d73 200
[debug] [2025-06-13T03:29:01.071Z] <<< [apiv2][body] POST https://upload-firebasehosting.googleapis.com/upload/sites/personal-portfolio-49619/versions/23bc4bfc788eafd4/files/cd9112bc8cf8a1a73fa7fc1f1c6545ae93fb164808ee4bbcef75b79b77b60d73 [stream]
[debug] [2025-06-13T03:29:01.198Z] <<< [apiv2][status] POST https://upload-firebasehosting.googleapis.com/upload/sites/personal-portfolio-49619/versions/23bc4bfc788eafd4/files/bee6aa362c66396b1437e5b8c2dd3cfac7fbf31f8f15bdaa949e11379174366d 200
[debug] [2025-06-13T03:29:01.198Z] <<< [apiv2][body] POST https://upload-firebasehosting.googleapis.com/upload/sites/personal-portfolio-49619/versions/23bc4bfc788eafd4/files/bee6aa362c66396b1437e5b8c2dd3cfac7fbf31f8f15bdaa949e11379174366d [stream]
[debug] [2025-06-13T03:29:01.316Z] <<< [apiv2][status] POST https://upload-firebasehosting.googleapis.com/upload/sites/personal-portfolio-49619/versions/23bc4bfc788eafd4/files/b443622e595036edc49f82f602bbc92daa95aa76be31e60a84d1035d8a96f68c 200
[debug] [2025-06-13T03:29:01.316Z] <<< [apiv2][body] POST https://upload-firebasehosting.googleapis.com/upload/sites/personal-portfolio-49619/versions/23bc4bfc788eafd4/files/b443622e595036edc49f82f602bbc92daa95aa76be31e60a84d1035d8a96f68c [stream]
[debug] [2025-06-13T03:29:01.576Z] <<< [apiv2][status] POST https://upload-firebasehosting.googleapis.com/upload/sites/personal-portfolio-49619/versions/23bc4bfc788eafd4/files/378396be5b84649fb436d4446f053bee805a7e5a1f4e776f379eca4ab5f3e902 200
[debug] [2025-06-13T03:29:01.576Z] <<< [apiv2][body] POST https://upload-firebasehosting.googleapis.com/upload/sites/personal-portfolio-49619/versions/23bc4bfc788eafd4/files/378396be5b84649fb436d4446f053bee805a7e5a1f4e776f379eca4ab5f3e902 [stream]
[debug] [2025-06-13T03:29:02.174Z] <<< [apiv2][status] POST https://upload-firebasehosting.googleapis.com/upload/sites/personal-portfolio-49619/versions/23bc4bfc788eafd4/files/af089dc8798f1fa253b7cb3d3b92119401c537e3902bc18b1fe7980e8e32c80e 200
[debug] [2025-06-13T03:29:02.174Z] <<< [apiv2][body] POST https://upload-firebasehosting.googleapis.com/upload/sites/personal-portfolio-49619/versions/23bc4bfc788eafd4/files/af089dc8798f1fa253b7cb3d3b92119401c537e3902bc18b1fe7980e8e32c80e [stream]
